<?xml version="1.0" encoding="UTF-8"?>
<!-- Generated by org.testng.reporters.JUnitReportReporter -->
<testsuite hostname="VT-LEONARDO-SCHAURICH" failures="0" tests="1" name="com.test.TestPJSimplified" time="45.775" errors="0" timestamp="2021-11-19T09:06:48 BRT" skipped="0">
  <testcase classname="com.test.TestPJSimplified" name="testValidationLogin" time="45.775"/>
  <system-out/>
</testsuite> <!-- com.test.TestPJSimplified -->
