<?xml version="1.0" encoding="UTF-8"?>
<!-- Generated by org.testng.reporters.JUnitReportReporter -->
<testsuite hostname="VT-LEONARDO-SCHAURICH" failures="0" tests="1" name="com.test.SimplifiedPersonInteracao" time="74.911" errors="0" timestamp="2021-11-19T14:06:11 BRT" skipped="0">
  <testcase classname="com.test.SimplifiedPersonInteracao" name="testValidationLogin" time="74.911"/>
  <system-out/>
</testsuite> <!-- com.test.SimplifiedPersonInteracao -->
