<?xml version="1.0" encoding="UTF-8"?>
<!-- Generated by org.testng.reporters.JUnitReportReporter -->
<testsuite hostname="VT-LEONARDO-SCHAURICH" failures="0" tests="1" name="com.test.WebElementsTest2" time="41.842" errors="0" timestamp="2021-11-19T10:45:44 BRT" skipped="0">
  <testcase classname="com.test.WebElementsTest2" name="testValidationLogin" time="41.842"/>
  <system-out/>
</testsuite> <!-- com.test.WebElementsTest2 -->
